2018-07-04 11:30:19.362  INFO 9588 --- [main] com.example.demo.DemoApplication         : Starting DemoApplication on DESKTOP-FQI3QP7 with PID 9588 (started by huang in F:\新奥开发项目\demo)
2018-07-04 11:30:19.393  INFO 9588 --- [main] com.example.demo.DemoApplication         : No active profile set, falling back to default profiles: default
2018-07-04 11:30:20.576  INFO 9588 --- [main] ConfigServletWebServerApplicationContext : Refreshing org.springframework.boot.web.servlet.context.AnnotationConfigServletWebServerApplicationContext@59309333: startup date [Wed Jul 04 11:30:20 CST 2018]; root of context hierarchy
2018-07-04 11:30:22.223  INFO 9588 --- [main] .s.d.r.c.RepositoryConfigurationDelegate : Multiple Spring Data modules found, entering strict repository configuration mode!
2018-07-04 11:30:22.262  INFO 9588 --- [main] .s.d.r.c.RepositoryConfigurationDelegate : Multiple Spring Data modules found, entering strict repository configuration mode!
2018-07-04 11:30:23.252  INFO 9588 --- [main] trationDelegate$BeanPostProcessorChecker : Bean 'org.springframework.transaction.annotation.ProxyTransactionManagementConfiguration' of type [org.springframework.transaction.annotation.ProxyTransactionManagementConfiguration$$EnhancerBySpringCGLIB$$d23a8247] is not eligible for getting processed by all BeanPostProcessors (for example: not eligible for auto-proxying)
2018-07-04 11:30:23.410  INFO 9588 --- [main] trationDelegate$BeanPostProcessorChecker : Bean 'org.springframework.cache.annotation.ProxyCachingConfiguration' of type [org.springframework.cache.annotation.ProxyCachingConfiguration$$EnhancerBySpringCGLIB$$1b4cb865] is not eligible for getting processed by all BeanPostProcessors (for example: not eligible for auto-proxying)
2018-07-04 11:30:23.427  INFO 9588 --- [main] trationDelegate$BeanPostProcessorChecker : Bean 'org.springframework.boot.autoconfigure.cache.CacheAutoConfiguration' of type [org.springframework.boot.autoconfigure.cache.CacheAutoConfiguration$$EnhancerBySpringCGLIB$$fc07d09] is not eligible for getting processed by all BeanPostProcessors (for example: not eligible for auto-proxying)
2018-07-04 11:30:23.453  INFO 9588 --- [main] trationDelegate$BeanPostProcessorChecker : Bean 'org.springframework.boot.context.properties.ConversionServiceDeducer$Factory' of type [org.springframework.boot.context.properties.ConversionServiceDeducer$Factory] is not eligible for getting processed by all BeanPostProcessors (for example: not eligible for auto-proxying)
2018-07-04 11:30:23.456  INFO 9588 --- [main] trationDelegate$BeanPostProcessorChecker : Bean 'spring.cache-org.springframework.boot.autoconfigure.cache.CacheProperties' of type [org.springframework.boot.autoconfigure.cache.CacheProperties] is not eligible for getting processed by all BeanPostProcessors (for example: not eligible for auto-proxying)
2018-07-04 11:30:23.467  INFO 9588 --- [main] trationDelegate$BeanPostProcessorChecker : Bean 'cacheManagerCustomizers' of type [org.springframework.boot.autoconfigure.cache.CacheManagerCustomizers] is not eligible for getting processed by all BeanPostProcessors (for example: not eligible for auto-proxying)
2018-07-04 11:30:23.470  INFO 9588 --- [main] trationDelegate$BeanPostProcessorChecker : Bean 'org.springframework.boot.autoconfigure.cache.RedisCacheConfiguration' of type [org.springframework.boot.autoconfigure.cache.RedisCacheConfiguration$$EnhancerBySpringCGLIB$$c0521963] is not eligible for getting processed by all BeanPostProcessors (for example: not eligible for auto-proxying)
2018-07-04 11:30:23.477  INFO 9588 --- [main] trationDelegate$BeanPostProcessorChecker : Bean 'spring.redis-org.springframework.boot.autoconfigure.data.redis.RedisProperties' of type [org.springframework.boot.autoconfigure.data.redis.RedisProperties] is not eligible for getting processed by all BeanPostProcessors (for example: not eligible for auto-proxying)
2018-07-04 11:30:23.485  INFO 9588 --- [main] trationDelegate$BeanPostProcessorChecker : Bean 'org.springframework.boot.autoconfigure.data.redis.LettuceConnectionConfiguration' of type [org.springframework.boot.autoconfigure.data.redis.LettuceConnectionConfiguration$$EnhancerBySpringCGLIB$$e7544091] is not eligible for getting processed by all BeanPostProcessors (for example: not eligible for auto-proxying)
2018-07-04 11:30:23.677  INFO 9588 --- [main] trationDelegate$BeanPostProcessorChecker : Bean 'lettuceClientResources' of type [io.lettuce.core.resource.DefaultClientResources] is not eligible for getting processed by all BeanPostProcessors (for example: not eligible for auto-proxying)
2018-07-04 11:30:23.827  INFO 9588 --- [main] trationDelegate$BeanPostProcessorChecker : Bean 'redisConnectionFactory' of type [org.springframework.data.redis.connection.lettuce.LettuceConnectionFactory] is not eligible for getting processed by all BeanPostProcessors (for example: not eligible for auto-proxying)
2018-07-04 11:30:23.874  INFO 9588 --- [main] trationDelegate$BeanPostProcessorChecker : Bean 'cacheManager' of type [org.springframework.data.redis.cache.RedisCacheManager] is not eligible for getting processed by all BeanPostProcessors (for example: not eligible for auto-proxying)
2018-07-04 11:30:23.878  INFO 9588 --- [main] trationDelegate$BeanPostProcessorChecker : Bean 'cacheAutoConfigurationValidator' of type [org.springframework.boot.autoconfigure.cache.CacheAutoConfiguration$CacheManagerValidator] is not eligible for getting processed by all BeanPostProcessors (for example: not eligible for auto-proxying)
2018-07-04 11:30:24.371  INFO 9588 --- [main] o.s.b.w.embedded.tomcat.TomcatWebServer  : Tomcat initialized with port(s): 8888 (http)
2018-07-04 11:30:24.412  INFO 9588 --- [main] o.apache.catalina.core.StandardService   : Starting service [Tomcat]
2018-07-04 11:30:24.412  INFO 9588 --- [main] org.apache.catalina.core.StandardEngine  : Starting Servlet Engine: Apache Tomcat/8.5.28
2018-07-04 11:30:24.478  INFO 9588 --- [localhost-startStop-1] o.a.catalina.core.AprLifecycleListener   : The APR based Apache Tomcat Native library which allows optimal performance in production environments was not found on the java.library.path: [C:\Program Files\Java\jdk1.8.0_144\bin;C:\WINDOWS\Sun\Java\bin;C:\WINDOWS\system32;C:\WINDOWS;C:\ProgramData\Oracle\Java\javapath;C:\Program Files (x86)\Intel\iCLS Client\;C:\Program Files\Intel\iCLS Client\;C:\WINDOWS\system32;C:\WINDOWS;C:\WINDOWS\System32\Wbem;C:\WINDOWS\System32\WindowsPowerShell\v1.0\;C:\Program Files (x86)\Intel\Intel(R) Management Engine Components\DAL;C:\Program Files\Intel\Intel(R) Management Engine Components\DAL;C:\Program Files (x86)\Intel\Intel(R) Management Engine Components\IPT;C:\Program Files\Intel\Intel(R) Management Engine Components\IPT;C:\Program Files\Intel\WiFi\bin\;C:\Program Files\Common Files\Intel\WirelessCommon\;D:\svn\bin\;D:\OpenVPN\bin;D:\Git\cmd;C:\Program Files\MySQL\MySQL Utilities 1.6\;C:\Program Files\Java\jdk1.8.0_144\bin;D:\apache-maven-3.3.9\bin;D:\Go\\bin;D:\Go\bin;D:\nodejs\;D:\gradle\gradle-4.7\bin;C:\WINDOWS\System32\OpenSSH\;D:\apache-tomcat-9.0.8\bin\;C:\Program Files\Java\jdk1.8.0_144;C:\Program Files\Java\jre1.8.0_144;C:\Users\huang\AppData\Local\Programs\Python\Python36\Scripts\;C:\Users\huang\AppData\Local\Programs\Python\Python36\;C:\Users\huang\AppData\Local\Microsoft\WindowsApps;;D:\Microsoft VS Code\bin;C:\Users\huang\AppData\Roaming\npm;D:\Fiddler;.]
2018-07-04 11:30:24.718  INFO 9588 --- [localhost-startStop-1] o.a.c.c.C.[Tomcat].[localhost].[/]       : Initializing Spring embedded WebApplicationContext
2018-07-04 11:30:24.718  INFO 9588 --- [localhost-startStop-1] o.s.web.context.ContextLoader            : Root WebApplicationContext: initialization completed in 4142 ms
2018-07-04 11:30:24.923  INFO 9588 --- [localhost-startStop-1] o.s.b.w.servlet.ServletRegistrationBean  : Servlet dispatcherServlet mapped to [/]
2018-07-04 11:30:24.933  INFO 9588 --- [localhost-startStop-1] o.s.b.w.servlet.FilterRegistrationBean   : Mapping filter: 'characterEncodingFilter' to: [/*]
2018-07-04 11:30:24.933  INFO 9588 --- [localhost-startStop-1] o.s.b.w.servlet.FilterRegistrationBean   : Mapping filter: 'hiddenHttpMethodFilter' to: [/*]
2018-07-04 11:30:24.934  INFO 9588 --- [localhost-startStop-1] o.s.b.w.servlet.FilterRegistrationBean   : Mapping filter: 'httpPutFormContentFilter' to: [/*]
2018-07-04 11:30:24.934  INFO 9588 --- [localhost-startStop-1] o.s.b.w.servlet.FilterRegistrationBean   : Mapping filter: 'requestContextFilter' to: [/*]
2018-07-04 11:30:27.475  INFO 9588 --- [main] s.w.s.m.m.a.RequestMappingHandlerAdapter : Looking for @ControllerAdvice: org.springframework.boot.web.servlet.context.AnnotationConfigServletWebServerApplicationContext@59309333: startup date [Wed Jul 04 11:30:20 CST 2018]; root of context hierarchy
2018-07-04 11:30:27.756  INFO 9588 --- [main] s.w.s.m.m.a.RequestMappingHandlerMapping : Mapped "{[/danjia/{price}]}" onto public java.lang.String com.example.demo.controller.ManagerController.danjia(int)
2018-07-04 11:30:27.757  INFO 9588 --- [main] s.w.s.m.m.a.RequestMappingHandlerMapping : Mapped "{[/shutDown]}" onto public java.lang.String com.example.demo.controller.ManagerController.shutDown()
2018-07-04 11:30:27.758  INFO 9588 --- [main] s.w.s.m.m.a.RequestMappingHandlerMapping : Mapped "{[/parseVideo]}" onto public com.example.demo.util.JsonResult com.example.demo.controller.SampleController.parseVideo(org.springframework.web.multipart.MultipartFile) throws java.lang.Exception
2018-07-04 11:30:27.762  INFO 9588 --- [main] s.w.s.m.m.a.RequestMappingHandlerMapping : Mapped "{[/stop]}" onto public java.lang.String com.example.demo.controller.UserController.stop(javax.servlet.http.HttpServletRequest)
2018-07-04 11:30:27.763  INFO 9588 --- [main] s.w.s.m.m.a.RequestMappingHandlerMapping : Mapped "{[/getOrder/{status}/{startPage}/{count}/{sessionid}]}" onto public com.example.demo.util.JsonResult com.example.demo.controller.UserController.getOrder(int,int,int,java.lang.String,javax.servlet.http.HttpServletRequest)
2018-07-04 11:30:27.763  INFO 9588 --- [main] s.w.s.m.m.a.RequestMappingHandlerMapping : Mapped "{[/addUser],methods=[POST]}" onto public com.example.demo.util.JsonResult com.example.demo.controller.UserController.addUser(com.example.demo.entity.User,javax.servlet.http.HttpServletRequest)
2018-07-04 11:30:27.764  INFO 9588 --- [main] s.w.s.m.m.a.RequestMappingHandlerMapping : Mapped "{[/chongdian],methods=[POST]}" onto public java.lang.String com.example.demo.controller.UserController.chongdian(com.example.demo.entity.User,javax.servlet.http.HttpServletRequest)
2018-07-04 11:30:27.764  INFO 9588 --- [main] s.w.s.m.m.a.RequestMappingHandlerMapping : Mapped "{[/getStatus],methods=[POST]}" onto public com.example.demo.util.JsonResult com.example.demo.controller.UserController.findStatus(javax.servlet.http.HttpServletRequest)
2018-07-04 11:30:27.764  INFO 9588 --- [main] s.w.s.m.m.a.RequestMappingHandlerMapping : Mapped "{[/chongqian],methods=[POST]}" onto public com.example.demo.util.JsonResult com.example.demo.controller.UserController.updateMoney(com.example.demo.entity.User,javax.servlet.http.HttpServletRequest)
2018-07-04 11:30:27.765  INFO 9588 --- [main] s.w.s.m.m.a.RequestMappingHandlerMapping : Mapped "{[/showPrice]}" onto public com.example.demo.util.JsonResult com.example.demo.controller.UserController.show(javax.servlet.http.HttpServletRequest)
2018-07-04 11:30:27.765  INFO 9588 --- [main] s.w.s.m.m.a.RequestMappingHandlerMapping : Mapped "{[/yue],methods=[POST]}" onto public com.example.demo.util.JsonResult com.example.demo.controller.UserController.yue(javax.servlet.http.HttpServletRequest)
2018-07-04 11:30:27.772  INFO 9588 --- [main] s.w.s.m.m.a.RequestMappingHandlerMapping : Mapped "{[/error]}" onto public org.springframework.http.ResponseEntity<java.util.Map<java.lang.String, java.lang.Object>> org.springframework.boot.autoconfigure.web.servlet.error.BasicErrorController.error(javax.servlet.http.HttpServletRequest)
2018-07-04 11:30:27.774  INFO 9588 --- [main] s.w.s.m.m.a.RequestMappingHandlerMapping : Mapped "{[/error],produces=[text/html]}" onto public org.springframework.web.servlet.ModelAndView org.springframework.boot.autoconfigure.web.servlet.error.BasicErrorController.errorHtml(javax.servlet.http.HttpServletRequest,javax.servlet.http.HttpServletResponse)
2018-07-04 11:30:28.079  INFO 9588 --- [main] o.s.w.s.h.BeanNameUrlHandlerMapping      : Mapped URL path [/manager] onto handler '/manager'
2018-07-04 11:30:28.105  INFO 9588 --- [main] o.s.w.s.handler.SimpleUrlHandlerMapping  : Mapped URL path [/webjars/**] onto handler of type [class org.springframework.web.servlet.resource.ResourceHttpRequestHandler]
2018-07-04 11:30:28.105  INFO 9588 --- [main] o.s.w.s.handler.SimpleUrlHandlerMapping  : Mapped URL path [/**] onto handler of type [class org.springframework.web.servlet.resource.ResourceHttpRequestHandler]
2018-07-04 11:30:28.512  INFO 9588 --- [main] o.s.w.s.handler.SimpleUrlHandlerMapping  : Mapped URL path [/**/favicon.ico] onto handler of type [class org.springframework.web.servlet.resource.ResourceHttpRequestHandler]
2018-07-04 11:30:29.974  INFO 9588 --- [main] o.s.j.e.a.AnnotationMBeanExporter        : Registering beans for JMX exposure on startup
2018-07-04 11:30:29.976  INFO 9588 --- [main] o.s.j.e.a.AnnotationMBeanExporter        : Bean with name 'dataSource' has been autodetected for JMX exposure
2018-07-04 11:30:29.981  INFO 9588 --- [main] o.s.j.e.a.AnnotationMBeanExporter        : Located MBean 'dataSource': registering with JMX server as MBean [com.zaxxer.hikari:name=dataSource,type=HikariDataSource]
2018-07-04 11:30:30.111  INFO 9588 --- [main] o.s.b.w.embedded.tomcat.TomcatWebServer  : Tomcat started on port(s): 8888 (http) with context path ''
2018-07-04 11:30:30.113  INFO 9588 --- [main] com.example.demo.DemoApplication         : Started DemoApplication in 11.69 seconds (JVM running for 16.131)
2018-07-04 11:32:03.561  INFO 9588 --- [http-nio-8888-exec-1] o.a.c.c.C.[Tomcat].[localhost].[/]       : Initializing Spring FrameworkServlet 'dispatcherServlet'
2018-07-04 11:32:03.562  INFO 9588 --- [http-nio-8888-exec-1] o.s.web.servlet.DispatcherServlet        : FrameworkServlet 'dispatcherServlet': initialization started
2018-07-04 11:32:03.587  INFO 9588 --- [http-nio-8888-exec-1] o.s.web.servlet.DispatcherServlet        : FrameworkServlet 'dispatcherServlet': initialization completed in 25 ms
